TN:
SF:src/hooks/useWalletAuth.ts
FN:63,useWalletAuth
FN:82,(anonymous_4)
FNF:2
FNH:0
FNDA:0,useWalletAuth
FNDA:0,(anonymous_4)
DA:9,0
DA:10,0
DA:11,0
DA:63,0
DA:76,0
DA:78,0
DA:79,0
DA:82,0
DA:83,0
DA:84,0
DA:87,0
DA:120,0
LF:12
LH:0
BRDA:91,0,0,0
BRDA:91,0,1,0
BRDA:107,1,0,0
BRDA:107,1,1,0
BRDA:108,2,0,0
BRDA:108,2,1,0
BRF:6
BRH:0
end_of_record
TN:
SF:src/lib/config.ts
FN:50,(anonymous_1)
FN:58,(anonymous_2)
FN:68,(anonymous_3)
FN:108,(anonymous_4)
FN:129,(anonymous_5)
FN:130,(anonymous_6)
FN:193,(anonymous_7)
FN:200,(anonymous_8)
FN:207,(anonymous_9)
FN:214,(anonymous_10)
FNF:10
FNH:9
FNDA:1,(anonymous_1)
FNDA:1,(anonymous_2)
FNDA:1,(anonymous_3)
FNDA:1,(anonymous_4)
FNDA:2,(anonymous_5)
FNDA:0,(anonymous_6)
FNDA:25,(anonymous_7)
FNDA:1,(anonymous_8)
FNDA:1,(anonymous_9)
FNDA:1,(anonymous_10)
DA:9,1
DA:51,1
DA:52,1
DA:59,1
DA:60,1
DA:62,1
DA:69,1
DA:109,1
DA:112,1
DA:118,1
DA:119,0
DA:128,1
DA:129,2
DA:130,0
DA:132,1
DA:133,0
DA:144,1
DA:145,1
DA:146,0
DA:157,1
DA:159,0
DA:160,0
DA:169,0
DA:170,0
DA:179,0
DA:180,0
DA:194,25
DA:201,1
DA:208,1
DA:215,1
DA:220,28
LF:31
LH:21
BRDA:59,0,0,1
BRDA:71,1,0,1
BRDA:71,1,1,1
BRDA:72,2,0,1
BRDA:72,2,1,0
BRDA:76,3,0,1
BRDA:76,3,1,0
BRDA:78,4,0,1
BRDA:78,4,1,0
BRDA:79,5,0,1
BRDA:79,5,1,0
BRDA:80,6,0,1
BRDA:80,6,1,0
BRDA:81,7,0,1
BRDA:81,7,1,1
BRDA:82,8,0,1
BRDA:82,8,1,1
BRDA:85,9,0,1
BRDA:85,9,1,1
BRDA:86,10,0,1
BRDA:86,10,1,1
BRDA:87,11,0,1
BRDA:87,11,1,1
BRDA:91,12,0,1
BRDA:91,12,1,0
BRDA:92,13,0,1
BRDA:92,13,1,0
BRDA:93,14,0,1
BRDA:93,14,1,0
BRDA:94,15,0,1
BRDA:94,15,1,1
BRDA:98,16,0,1
BRDA:98,16,1,0
BRDA:99,17,0,1
BRDA:99,17,1,0
BRDA:100,18,0,1
BRDA:100,18,1,0
BRDA:118,19,0,0
BRDA:132,20,0,0
BRDA:132,21,0,1
BRDA:132,21,1,0
BRDA:145,22,0,0
BRDA:157,23,0,0
BRDA:157,24,0,1
BRDA:157,24,1,0
BRDA:159,25,0,0
BRDA:159,26,0,0
BRDA:159,26,1,0
BRDA:169,27,0,0
BRDA:169,28,0,0
BRDA:169,28,1,0
BRDA:179,29,0,0
BRDA:179,30,0,0
BRDA:179,30,1,0
BRF:54
BRH:28
end_of_record
TN:
SF:src/lib/errors.ts
FN:18,(anonymous_11)
FN:40,(anonymous_12)
FN:56,(anonymous_13)
FN:65,(anonymous_14)
FN:74,(anonymous_15)
FN:83,(anonymous_16)
FN:92,(anonymous_17)
FN:101,(anonymous_18)
FN:110,(anonymous_19)
FN:121,(anonymous_20)
FN:123,(anonymous_21)
FN:133,(anonymous_22)
FN:168,(anonymous_23)
FN:178,(anonymous_24)
FNF:14
FNH:14
FNDA:32,(anonymous_11)
FNDA:1,(anonymous_12)
FNDA:4,(anonymous_13)
FNDA:1,(anonymous_14)
FNDA:6,(anonymous_15)
FNDA:8,(anonymous_16)
FNDA:5,(anonymous_17)
FNDA:2,(anonymous_18)
FNDA:3,(anonymous_19)
FNDA:4,(anonymous_20)
FNDA:6,(anonymous_21)
FNDA:8,(anonymous_22)
FNDA:3,(anonymous_23)
FNDA:2,(anonymous_24)
DA:11,19
DA:25,32
DA:26,32
DA:27,32
DA:28,32
DA:29,32
DA:30,32
DA:31,32
DA:34,32
DA:41,1
DA:55,6
DA:57,4
DA:64,2
DA:66,1
DA:73,8
DA:75,6
DA:82,10
DA:84,8
DA:91,7
DA:93,5
DA:100,3
DA:102,2
DA:109,4
DA:111,3
DA:118,2
DA:124,6
DA:125,4
DA:127,6
DA:143,8
DA:144,7
DA:156,1
DA:169,3
DA:170,2
DA:172,1
DA:179,2
DA:180,1
DA:192,1
DA:202,14
LF:38
LH:38
BRDA:21,0,0,0
BRDA:22,1,0,3
BRDA:47,2,0,1
BRDA:47,2,1,1
BRDA:124,3,0,4
BRDA:143,4,0,7
BRDA:150,5,0,7
BRDA:150,5,1,4
BRDA:169,6,0,2
BRDA:179,7,0,1
BRF:10
BRH:9
end_of_record
TN:
SF:src/lib/logger.ts
FN:13,(anonymous_3)
FN:15,(anonymous_4)
FN:22,(anonymous_5)
FN:27,(anonymous_6)
FN:32,(anonymous_7)
FN:37,(anonymous_8)
FNF:6
FNH:6
FNDA:2,(anonymous_3)
FNDA:4,(anonymous_4)
FNDA:132,(anonymous_5)
FNDA:118,(anonymous_6)
FNDA:3,(anonymous_7)
FNDA:11,(anonymous_8)
DA:10,2
DA:16,4
DA:17,2
DA:19,4
DA:23,132
DA:24,132
DA:28,118
DA:29,118
DA:33,3
DA:34,3
DA:38,11
DA:39,11
DA:40,11
DA:45,129
LF:14
LH:14
BRDA:16,0,0,2
BRDA:38,1,0,4
BRDA:38,1,1,7
BRF:3
BRH:3
end_of_record
TN:
SF:src/lib/ui-utils.ts
FN:4,cn
FNF:1
FNH:1
FNDA:12,cn
DA:1,1
DA:2,1
DA:4,12
DA:5,12
LF:4
LH:4
BRF:0
BRH:0
end_of_record
TN:
SF:src/lib/auth/challenge.ts
FN:36,generateChallenge
FN:103,getStoredChallenge
FN:147,markChallengeAsUsed
FNF:3
FNH:3
FNDA:9,generateChallenge
FNDA:7,getStoredChallenge
FNDA:3,markChallengeAsUsed
DA:8,1
DA:9,1
DA:10,1
DA:11,1
DA:12,1
DA:36,9
DA:37,9
DA:38,9
DA:39,1
DA:43,8
DA:46,8
DA:47,8
DA:49,8
DA:57,8
DA:60,8
DA:67,6
DA:68,1
DA:71,5
DA:78,5
DA:80,5
DA:85,4
DA:86,4
DA:103,7
DA:107,7
DA:108,7
DA:110,5
DA:111,2
DA:117,3
DA:120,3
DA:121,2
DA:127,1
DA:132,2
DA:133,2
DA:147,3
DA:151,3
DA:153,3
DA:154,2
DA:157,3
LF:38
LH:38
BRDA:38,0,0,1
BRDA:47,1,0,8
BRDA:47,1,1,7
BRDA:67,2,0,1
BRDA:88,3,0,3
BRDA:88,3,1,1
BRDA:110,4,0,2
BRDA:110,5,0,5
BRDA:110,5,1,4
BRDA:113,6,0,2
BRDA:113,6,1,1
BRDA:120,7,0,2
BRDA:135,8,0,1
BRDA:135,8,1,1
BRDA:153,9,0,2
BRF:15
BRH:15
end_of_record
TN:
SF:src/lib/auth/http-utils.ts
FN:25,extractBearerToken
FN:59,isValidBearerHeader
FNF:2
FNH:2
FNDA:24,extractBearerToken
FNDA:8,isValidBearerHeader
DA:25,16
DA:26,24
DA:27,5
DA:31,19
DA:34,19
DA:35,19
DA:36,9
DA:40,10
DA:43,10
DA:44,0
DA:47,10
DA:59,8
DA:60,8
LF:13
LH:12
BRDA:26,0,0,5
BRDA:35,1,0,9
BRDA:43,2,0,0
BRDA:43,3,0,10
BRDA:43,3,1,10
BRF:5
BRH:4
end_of_record
TN:
SF:src/lib/auth/jwt.ts
FN:23,(anonymous_4)
FN:32,(anonymous_5)
FN:42,(anonymous_6)
FN:72,(anonymous_7)
FN:100,(anonymous_8)
FN:170,(anonymous_9)
FNF:6
FNH:0
FNDA:0,(anonymous_4)
FNDA:0,(anonymous_5)
FNDA:0,(anonymous_6)
FNDA:0,(anonymous_7)
FNDA:0,(anonymous_8)
FNDA:0,(anonymous_9)
DA:8,0
DA:9,0
DA:10,0
DA:11,0
DA:12,0
DA:18,0
DA:20,0
DA:21,0
DA:25,0
DA:26,0
DA:29,0
DA:33,0
DA:34,0
DA:36,0
DA:43,0
DA:44,0
DA:46,0
DA:47,0
DA:51,0
DA:52,0
DA:55,0
DA:56,0
DA:60,0
DA:62,0
DA:64,0
DA:65,0
DA:73,0
DA:74,0
DA:75,0
DA:79,0
DA:85,0
DA:90,0
DA:92,0
DA:93,0
DA:105,0
DA:106,0
DA:107,0
DA:110,0
DA:122,0
DA:130,0
DA:132,0
DA:133,0
DA:136,0
DA:139,0
DA:144,0
DA:175,0
DA:176,0
DA:177,0
DA:180,0
DA:181,0
DA:185,0
DA:191,0
DA:192,0
DA:195,0
DA:204,0
DA:205,0
DA:214,0
LF:57
LH:0
BRDA:25,0,0,0
BRDA:25,1,0,0
BRDA:25,1,1,0
BRDA:33,2,0,0
BRDA:46,3,0,0
BRDA:55,4,0,0
BRDA:55,5,0,0
BRDA:55,5,1,0
BRDA:65,6,0,0
BRDA:65,6,1,0
BRDA:74,7,0,0
BRDA:93,8,0,0
BRDA:93,8,1,0
BRDA:130,9,0,0
BRDA:130,9,1,0
BRDA:176,10,0,0
BRDA:180,11,0,0
BRDA:191,12,0,0
BRDA:191,13,0,0
BRDA:191,13,1,0
BRDA:207,14,0,0
BRDA:207,14,1,0
BRF:22
BRH:0
end_of_record
TN:
SF:src/lib/auth/wallet-verification.ts
FN:40,verifyWalletSignature
FN:63,(anonymous_5)
FN:193,verifyAddressFromPublicKey
FNF:3
FNH:3
FNDA:13,verifyWalletSignature
FNDA:23,(anonymous_5)
FNDA:12,verifyAddressFromPublicKey
DA:8,1
DA:11,2
DA:17,1
DA:18,0
DA:19,0
DA:20,0
DA:22,0
DA:40,13
DA:46,13
DA:48,13
DA:49,0
DA:50,0
DA:54,13
DA:55,1
DA:63,23
DA:64,12
DA:65,2
DA:68,10
DA:69,10
DA:70,10
DA:72,0
DA:78,10
DA:80,10
DA:81,8
DA:85,8
DA:86,8
DA:87,8
DA:89,8
DA:90,1
DA:94,7
DA:98,7
DA:100,7
DA:101,1
DA:105,6
DA:106,6
DA:107,1
DA:154,2
DA:155,1
DA:156,1
DA:159,1
DA:164,5
DA:165,5
DA:166,1
DA:172,4
DA:173,4
DA:176,1
DA:177,1
DA:178,1
DA:193,7
DA:197,12
DA:198,12
DA:199,0
DA:206,12
DA:207,12
DA:208,12
DA:209,10
DA:211,2
DA:212,1
DA:215,1
DA:220,10
DA:221,10
DA:222,9
DA:223,9
DA:225,1
DA:228,9
DA:231,9
DA:232,8
DA:234,8
DA:235,8
DA:236,8
DA:238,8
DA:244,8
DA:245,8
DA:246,6
DA:254,3
DA:255,1
DA:256,1
DA:261,1
DA:262,1
DA:263,1
DA:270,2
DA:276,1
DA:277,1
DA:278,1
LF:84
LH:76
BRDA:17,0,0,0
BRDA:17,1,0,1
BRDA:17,1,1,0
BRDA:48,2,0,0
BRDA:48,3,0,13
BRDA:48,3,1,13
BRDA:54,4,0,1
BRDA:54,5,0,13
BRDA:54,5,1,12
BRDA:54,5,2,12
BRDA:54,5,3,12
BRDA:63,6,0,23
BRDA:63,6,1,21
BRDA:64,7,0,2
BRDA:64,8,0,12
BRDA:64,8,1,11
BRDA:89,9,0,1
BRDA:100,10,0,1
BRDA:106,11,0,1
BRDA:154,12,0,1
BRDA:165,13,0,1
BRDA:168,14,0,1
BRDA:168,14,1,0
BRDA:176,15,0,0
BRDA:176,15,1,1
BRDA:198,16,0,0
BRDA:211,17,0,1
BRDA:231,18,0,8
BRDA:245,19,0,6
BRDA:254,20,0,1
BRDA:262,21,0,1
BRDA:276,22,0,0
BRDA:276,22,1,1
BRF:33
BRH:26
end_of_record
TN:
SF:src/lib/cardano/addresses.ts
FN:22,validateAndConvertHexToBech32
FN:53,convertHexToBech32
FNF:2
FNH:0
FNDA:0,validateAndConvertHexToBech32
FNDA:0,convertHexToBech32
DA:6,0
DA:10,0
DA:11,0
DA:12,0
DA:13,0
DA:15,0
DA:22,0
DA:28,0
DA:29,0
DA:36,0
DA:37,0
DA:38,0
DA:44,0
DA:54,0
DA:55,0
DA:56,0
DA:59,0
DA:60,0
DA:61,0
DA:62,0
DA:64,0
DA:65,0
LF:22
LH:0
BRDA:11,0,0,0
BRDA:28,1,0,0
BRDA:37,2,0,0
BRDA:54,3,0,0
BRF:4
BRH:0
end_of_record
TN:
SF:src/lib/cardano/wallets.ts
FN:34,getCardanoWallet
FNF:1
FNH:1
FNDA:22,getCardanoWallet
DA:34,22
DA:36,22
DA:37,2
DA:41,20
DA:42,20
DA:43,2
DA:47,18
LF:7
LH:7
BRDA:36,0,0,2
BRDA:42,1,0,2
BRDA:42,2,0,20
BRDA:42,2,1,19
BRF:4
BRH:4
end_of_record
TN:
SF:src/lib/supabase/client.ts
FN:18,createSupabaseClient
FNF:1
FNH:1
FNDA:15,createSupabaseClient
DA:6,1
DA:8,1
DA:9,1
DA:11,1
DA:12,0
DA:18,14
DA:19,15
DA:34,15
DA:38,1
LF:9
LH:8
BRDA:11,0,0,0
BRDA:11,1,0,1
BRDA:11,1,1,1
BRDA:25,2,0,15
BRDA:25,2,1,6
BRF:5
BRH:4
end_of_record
TN:
SF:src/lib/supabase/server.ts
FN:13,getSupabaseServerClient
FN:39,(anonymous_5)
FN:81,(anonymous_6)
FN:129,(anonymous_7)
FN:164,(anonymous_8)
FN:198,(anonymous_9)
FNF:6
FNH:6
FNDA:23,getSupabaseServerClient
FNDA:4,(anonymous_5)
FNDA:4,(anonymous_6)
FNDA:4,(anonymous_7)
FNDA:4,(anonymous_8)
FNDA:4,(anonymous_9)
DA:6,1
DA:7,1
DA:8,1
DA:11,1
DA:13,3
DA:14,23
DA:15,1
DA:17,1
DA:28,1
DA:31,23
DA:35,20
DA:45,4
DA:46,4
DA:49,4
DA:63,4
DA:64,2
DA:65,2
DA:68,2
DA:70,0
DA:71,0
DA:85,4
DA:86,4
DA:88,4
DA:96,4
DA:97,2
DA:98,2
DA:101,2
DA:102,0
DA:105,2
DA:106,2
DA:107,0
DA:110,2
DA:118,0
DA:119,0
DA:133,4
DA:134,4
DA:136,4
DA:146,4
DA:147,2
DA:148,2
DA:151,2
DA:153,0
DA:154,0
DA:168,4
DA:169,4
DA:171,4
DA:177,4
DA:178,2
DA:179,2
DA:182,2
DA:187,0
DA:188,0
DA:201,4
DA:202,4
DA:204,4
DA:210,4
DA:211,2
DA:212,2
DA:215,2
DA:224,0
DA:225,0
DA:233,1
LF:62
LH:50
BRDA:14,0,0,1
BRDA:63,1,0,2
BRDA:73,2,0,0
BRDA:73,2,1,0
BRDA:96,3,0,2
BRDA:97,4,0,0
BRDA:97,4,1,2
BRDA:101,5,0,0
BRDA:106,6,0,0
BRDA:121,7,0,0
BRDA:121,7,1,0
BRDA:146,8,0,2
BRDA:156,9,0,0
BRDA:156,9,1,0
BRDA:174,10,0,4
BRDA:174,10,1,0
BRDA:177,11,0,2
BRDA:190,12,0,0
BRDA:190,12,1,0
BRDA:210,13,0,2
BRDA:211,14,0,0
BRDA:211,14,1,2
BRDA:227,15,0,0
BRDA:227,15,1,0
BRF:24
BRH:9
end_of_record
TN:
SF:src/services/cardano-auth-service.ts
FN:29,(anonymous_3)
FN:36,(anonymous_4)
FN:49,(anonymous_5)
FN:68,(anonymous_6)
FN:144,(anonymous_7)
FN:162,(anonymous_8)
FNF:6
FNH:0
FNDA:0,(anonymous_3)
FNDA:0,(anonymous_4)
FNDA:0,(anonymous_5)
FNDA:0,(anonymous_6)
FNDA:0,(anonymous_7)
FNDA:0,(anonymous_8)
DA:11,0
DA:12,0
DA:13,0
DA:14,0
DA:15,0
DA:16,0
DA:23,0
DA:25,0
DA:27,0
DA:31,0
DA:32,0
DA:37,0
DA:38,0
DA:40,0
DA:50,0
DA:73,0
DA:74,0
DA:76,0
DA:77,0
DA:81,0
DA:82,0
DA:83,0
DA:86,0
DA:89,0
DA:96,0
DA:97,0
DA:101,0
DA:102,0
DA:103,0
DA:107,0
DA:108,0
DA:109,0
DA:112,0
DA:115,0
DA:117,0
DA:119,0
DA:130,0
DA:131,0
DA:149,0
DA:166,0
DA:167,0
DA:168,0
DA:172,0
DA:173,0
DA:174,0
DA:178,0
DA:179,0
DA:183,0
DA:184,0
DA:185,0
DA:189,0
DA:195,0
DA:197,0
DA:208,0
DA:209,0
DA:218,0
LF:56
LH:0
BRDA:31,0,0,0
BRDA:31,1,0,0
BRDA:31,1,1,0
BRDA:37,2,0,0
BRDA:76,3,0,0
BRDA:76,4,0,0
BRDA:76,4,1,0
BRDA:76,4,2,0
BRDA:76,4,3,0
BRDA:76,4,4,0
BRDA:82,5,0,0
BRDA:82,6,0,0
BRDA:82,6,1,0
BRDA:83,7,0,0
BRDA:83,7,1,0
BRDA:96,8,0,0
BRDA:102,9,0,0
BRDA:108,10,0,0
BRDA:108,11,0,0
BRDA:108,11,1,0
BRDA:133,12,0,0
BRDA:133,12,1,0
BRDA:167,13,0,0
BRDA:167,14,0,0
BRDA:167,14,1,0
BRDA:173,15,0,0
BRDA:173,16,0,0
BRDA:173,16,1,0
BRDA:178,17,0,0
BRDA:184,18,0,0
BRDA:184,19,0,0
BRDA:184,19,1,0
BRDA:192,20,0,0
BRDA:192,20,1,0
BRDA:203,21,0,0
BRDA:203,21,1,0
BRDA:211,22,0,0
BRDA:211,22,1,0
BRF:38
BRH:0
end_of_record
TN:
SF:src/services/price-service.ts
FN:30,(anonymous_3)
FN:46,(anonymous_4)
FN:116,(anonymous_5)
FN:124,(anonymous_6)
FN:132,(anonymous_7)
FN:144,(anonymous_8)
FN:155,(anonymous_9)
FN:36,(anonymous_10)
FNF:8
FNH:0
FNDA:0,(anonymous_3)
FNDA:0,(anonymous_4)
FNDA:0,(anonymous_5)
FNDA:0,(anonymous_6)
FNDA:0,(anonymous_7)
FNDA:0,(anonymous_8)
FNDA:0,(anonymous_9)
FNDA:0,(anonymous_10)
DA:8,0
DA:9,0
DA:10,0
DA:22,0
DA:24,0
DA:27,0
DA:31,0
DA:32,0
DA:33,0
DA:37,0
DA:38,0
DA:40,0
DA:45,0
DA:47,0
DA:49,0
DA:50,0
DA:52,0
DA:53,0
DA:54,0
DA:58,0
DA:60,0
DA:65,0
DA:66,0
DA:69,0
DA:71,0
DA:72,0
DA:78,0
DA:80,0
DA:81,0
DA:84,0
DA:91,0
DA:96,0
DA:97,0
DA:99,0
DA:102,0
DA:108,0
DA:109,0
DA:115,0
DA:117,0
DA:118,0
DA:123,0
DA:125,0
DA:126,0
DA:131,0
DA:133,0
DA:143,0
DA:145,0
DA:146,0
DA:154,0
DA:156,0
DA:157,0
DA:162,0
LF:52
LH:0
BRDA:52,0,0,0
BRDA:52,1,0,0
BRDA:52,1,1,0
BRDA:65,2,0,0
BRDA:71,3,0,0
BRDA:80,4,0,0
BRDA:37,5,0,0
BRF:7
BRH:0
end_of_record
TN:
SF:src/services/sync-service.ts
FN:53,(anonymous_3)
FN:85,(anonymous_4)
FN:151,(anonymous_5)
FN:194,(anonymous_6)
FN:212,(anonymous_7)
FN:214,(anonymous_8)
FN:215,(anonymous_9)
FN:234,(anonymous_10)
FN:250,(anonymous_11)
FN:253,(anonymous_12)
FN:271,(anonymous_13)
FN:295,(anonymous_14)
FN:324,(anonymous_15)
FN:353,(anonymous_16)
FN:381,(anonymous_17)
FN:406,(anonymous_18)
FN:414,(anonymous_19)
FN:433,(anonymous_20)
FN:448,(anonymous_21)
FN:458,(anonymous_22)
FN:459,(anonymous_23)
FN:75,(anonymous_24)
FNF:22
FNH:13
FNDA:1,(anonymous_3)
FNDA:3,(anonymous_4)
FNDA:1,(anonymous_5)
FNDA:1,(anonymous_6)
FNDA:1,(anonymous_7)
FNDA:1,(anonymous_8)
FNDA:0,(anonymous_9)
FNDA:1,(anonymous_10)
FNDA:0,(anonymous_11)
FNDA:0,(anonymous_12)
FNDA:1,(anonymous_13)
FNDA:1,(anonymous_14)
FNDA:0,(anonymous_15)
FNDA:0,(anonymous_16)
FNDA:4,(anonymous_17)
FNDA:0,(anonymous_18)
FNDA:0,(anonymous_19)
FNDA:2,(anonymous_20)
FNDA:1,(anonymous_21)
FNDA:0,(anonymous_22)
FNDA:0,(anonymous_23)
FNDA:1,(anonymous_24)
DA:8,1
DA:9,1
DA:10,1
DA:11,1
DA:45,0
DA:47,1
DA:51,1
DA:55,1
DA:56,0
DA:59,1
DA:60,1
DA:62,1
DA:68,1
DA:69,0
DA:71,1
DA:72,1
DA:76,1
DA:77,1
DA:79,1
DA:84,1
DA:89,3
DA:90,3
DA:91,1
DA:95,2
DA:96,1
DA:106,1
DA:107,1
DA:109,1
DA:110,1
DA:111,1
DA:113,1
DA:114,1
DA:115,1
DA:116,1
DA:117,1
DA:119,0
DA:120,0
DA:122,0
DA:123,0
DA:124,0
DA:125,0
DA:130,0
DA:131,0
DA:134,1
DA:135,1
DA:137,1
DA:150,1
DA:156,1
DA:162,1
DA:163,0
DA:166,1
DA:175,1
DA:176,1
DA:177,0
DA:180,1
DA:182,1
DA:193,1
DA:195,1
DA:196,1
DA:203,1
DA:204,0
DA:207,1
DA:210,1
DA:211,1
DA:212,1
DA:214,1
DA:215,0
DA:224,1
DA:226,0
DA:227,0
DA:233,1
DA:235,1
DA:236,1
DA:243,1
DA:244,0
DA:247,1
DA:249,1
DA:250,1
DA:253,0
DA:261,1
DA:263,0
DA:264,0
DA:270,1
DA:272,1
DA:273,1
DA:280,1
DA:281,0
DA:284,1
DA:285,1
DA:287,0
DA:288,0
DA:294,1
DA:296,1
DA:298,1
DA:309,1
DA:310,0
DA:314,1
DA:315,0
DA:320,0
DA:321,0
DA:324,0
DA:333,0
DA:337,0
DA:338,0
DA:343,1
DA:344,0
DA:349,0
DA:350,0
DA:353,0
DA:362,0
DA:366,0
DA:367,0
DA:371,1
DA:373,0
DA:374,0
DA:380,1
DA:382,4
DA:383,4
DA:393,4
DA:394,2
DA:395,2
DA:398,2
DA:399,0
DA:402,2
DA:406,0
DA:414,0
DA:425,0
DA:426,0
DA:432,1
DA:434,2
DA:435,2
DA:436,1
DA:439,1
DA:440,1
DA:442,1
DA:447,1
DA:449,1
DA:457,1
DA:459,0
DA:464,8
LF:140
LH:93
BRDA:87,0,0,3
BRDA:90,1,0,1
BRDA:95,2,0,1
BRDA:109,3,0,1
BRDA:109,3,1,1
BRDA:122,4,0,0
BRDA:131,5,0,0
BRDA:131,5,1,0
BRDA:143,6,0,1
BRDA:143,6,1,0
BRDA:162,7,0,0
BRDA:162,8,0,1
BRDA:162,8,1,1
BRDA:162,8,2,1
BRDA:176,9,0,0
BRDA:203,10,0,0
BRDA:212,11,0,1
BRDA:212,11,1,0
BRDA:220,12,0,0
BRDA:220,12,1,0
BRDA:227,13,0,0
BRDA:227,13,1,0
BRDA:243,14,0,0
BRDA:252,15,0,0
BRDA:252,15,1,0
BRDA:252,15,2,0
BRDA:264,16,0,0
BRDA:264,16,1,0
BRDA:280,17,0,0
BRDA:288,18,0,0
BRDA:288,18,1,0
BRDA:309,19,0,0
BRDA:314,20,0,0
BRDA:320,21,0,0
BRDA:337,22,0,0
BRDA:343,23,0,0
BRDA:349,24,0,0
BRDA:366,25,0,0
BRDA:374,26,0,0
BRDA:374,26,1,0
BRDA:393,27,0,2
BRDA:398,28,0,0
BRDA:406,29,0,2
BRDA:406,29,1,0
BRDA:414,30,0,2
BRDA:414,30,1,0
BRDA:435,31,0,1
BRDA:55,32,0,0
BRDA:55,33,0,1
BRDA:55,33,1,1
BRDA:68,34,0,0
BRDA:76,35,0,1
BRF:52
BRH:17
end_of_record
TN:
SF:src/types/auth.ts
FNF:0
FNH:0
DA:8,0
DA:16,0
LF:2
LH:0
BRF:0
BRH:0
end_of_record
