TN:
SF:src/lib/config/index.ts
FN:44,(anonymous_1)
FN:52,(anonymous_2)
FN:62,(anonymous_3)
FN:96,(anonymous_4)
FN:104,(anonymous_5)
FN:105,(anonymous_6)
FN:121,(anonymous_7)
FN:128,(anonymous_8)
FN:135,(anonymous_9)
FN:142,(anonymous_10)
FNF:10
FNH:9
FNDA:1,(anonymous_1)
FNDA:1,(anonymous_2)
FNDA:1,(anonymous_3)
FNDA:1,(anonymous_4)
FNDA:3,(anonymous_5)
FNDA:0,(anonymous_6)
FNDA:25,(anonymous_7)
FNDA:1,(anonymous_8)
FNDA:1,(anonymous_9)
FNDA:1,(anonymous_10)
DA:9,1
DA:45,1
DA:46,1
DA:53,1
DA:54,1
DA:56,1
DA:63,1
DA:97,1
DA:103,1
DA:104,3
DA:105,0
DA:107,1
DA:108,0
DA:122,25
DA:129,1
DA:136,1
DA:143,1
DA:148,28
LF:18
LH:16
BRDA:53,0,0,1
BRDA:65,1,0,1
BRDA:65,1,1,1
BRDA:66,2,0,1
BRDA:66,2,1,0
BRDA:70,3,0,1
BRDA:70,3,1,0
BRDA:71,4,0,1
BRDA:71,4,1,0
BRDA:72,5,0,1
BRDA:72,5,1,1
BRDA:73,6,0,1
BRDA:73,6,1,1
BRDA:76,7,0,1
BRDA:76,7,1,1
BRDA:77,8,0,1
BRDA:77,8,1,1
BRDA:78,9,0,1
BRDA:78,9,1,1
BRDA:81,10,0,1
BRDA:81,10,1,0
BRDA:82,11,0,1
BRDA:82,11,1,0
BRDA:83,12,0,1
BRDA:83,12,1,0
BRDA:86,13,0,1
BRDA:86,13,1,0
BRDA:87,14,0,1
BRDA:87,14,1,0
BRDA:88,15,0,1
BRDA:88,15,1,0
BRDA:107,16,0,0
BRDA:107,17,0,1
BRDA:107,17,1,0
BRF:34
BRH:23
end_of_record
TN:
SF:src/lib/errors/index.ts
FN:18,(anonymous_11)
FN:40,(anonymous_12)
FN:56,(anonymous_13)
FN:65,(anonymous_14)
FN:74,(anonymous_15)
FN:83,(anonymous_16)
FN:92,(anonymous_17)
FN:101,(anonymous_18)
FN:110,(anonymous_19)
FN:121,(anonymous_20)
FN:123,(anonymous_21)
FN:133,(anonymous_22)
FN:168,(anonymous_23)
FN:178,(anonymous_24)
FNF:14
FNH:14
FNDA:34,(anonymous_11)
FNDA:1,(anonymous_12)
FNDA:5,(anonymous_13)
FNDA:1,(anonymous_14)
FNDA:7,(anonymous_15)
FNDA:8,(anonymous_16)
FNDA:5,(anonymous_17)
FNDA:2,(anonymous_18)
FNDA:3,(anonymous_19)
FNDA:4,(anonymous_20)
FNDA:6,(anonymous_21)
FNDA:8,(anonymous_22)
FNDA:3,(anonymous_23)
FNDA:2,(anonymous_24)
DA:11,19
DA:25,34
DA:26,34
DA:27,34
DA:28,34
DA:29,34
DA:30,34
DA:31,34
DA:34,34
DA:41,1
DA:55,7
DA:57,5
DA:64,2
DA:66,1
DA:73,9
DA:75,7
DA:82,10
DA:84,8
DA:91,7
DA:93,5
DA:100,3
DA:102,2
DA:109,4
DA:111,3
DA:118,2
DA:124,6
DA:125,4
DA:127,6
DA:143,8
DA:144,7
DA:156,1
DA:169,3
DA:170,2
DA:172,1
DA:179,2
DA:180,1
DA:192,1
DA:202,14
LF:38
LH:38
BRDA:21,0,0,0
BRDA:22,1,0,3
BRDA:47,2,0,1
BRDA:47,2,1,1
BRDA:124,3,0,4
BRDA:143,4,0,7
BRDA:150,5,0,7
BRDA:150,5,1,4
BRDA:169,6,0,2
BRDA:179,7,0,1
BRF:10
BRH:9
end_of_record
TN:
SF:src/lib/logger/index.ts
FN:13,(anonymous_3)
FN:15,(anonymous_4)
FN:22,(anonymous_5)
FN:27,(anonymous_6)
FN:32,(anonymous_7)
FN:37,(anonymous_8)
FNF:6
FNH:6
FNDA:3,(anonymous_3)
FNDA:5,(anonymous_4)
FNDA:138,(anonymous_5)
FNDA:121,(anonymous_6)
FNDA:3,(anonymous_7)
FNDA:14,(anonymous_8)
DA:10,2
DA:16,5
DA:17,3
DA:19,5
DA:23,138
DA:24,138
DA:28,121
DA:29,121
DA:33,3
DA:34,3
DA:38,14
DA:39,14
DA:40,14
DA:45,130
LF:14
LH:14
BRDA:16,0,0,3
BRDA:38,1,0,7
BRDA:38,1,1,7
BRF:3
BRH:3
end_of_record
TN:
SF:src/services/auth/index.ts
FN:28,(anonymous_4)
FN:42,(anonymous_5)
FN:79,(anonymous_6)
FN:146,(anonymous_7)
FN:179,(anonymous_8)
FN:208,(anonymous_9)
FN:237,(anonymous_10)
FN:238,(anonymous_11)
FN:251,(anonymous_12)
FN:32,(anonymous_13)
FNF:10
FNH:9
FNDA:1,(anonymous_4)
FNDA:3,(anonymous_5)
FNDA:2,(anonymous_6)
FNDA:2,(anonymous_7)
FNDA:1,(anonymous_8)
FNDA:1,(anonymous_9)
FNDA:1,(anonymous_10)
FNDA:0,(anonymous_11)
FNDA:1,(anonymous_12)
FNDA:1,(anonymous_13)
DA:8,1
DA:9,1
DA:10,1
DA:11,1
DA:12,1
DA:23,0
DA:25,1
DA:26,1
DA:29,1
DA:33,1
DA:34,1
DA:36,1
DA:41,1
DA:43,3
DA:44,3
DA:45,1
DA:48,2
DA:49,2
DA:50,2
DA:52,2
DA:59,2
DA:61,2
DA:63,2
DA:68,1
DA:69,1
DA:78,1
DA:83,2
DA:84,2
DA:86,2
DA:87,0
DA:91,2
DA:92,2
DA:93,1
DA:96,1
DA:97,0
DA:98,0
DA:101,1
DA:102,0
DA:106,1
DA:113,1
DA:114,0
DA:118,1
DA:121,1
DA:126,1
DA:128,1
DA:130,1
DA:135,1
DA:136,1
DA:145,1
DA:147,2
DA:148,2
DA:149,1
DA:152,1
DA:153,1
DA:155,1
DA:156,0
DA:159,1
DA:168,1
DA:169,1
DA:178,1
DA:180,1
DA:181,1
DA:183,1
DA:191,1
DA:195,1
DA:207,1
DA:214,1
DA:216,1
DA:219,1
DA:220,0
DA:225,1
DA:227,0
DA:236,1
DA:238,1
DA:239,0
DA:240,0
DA:241,0
DA:242,0
DA:250,1
DA:252,1
DA:257,8
LF:81
LH:68
BRDA:44,0,0,1
BRDA:71,1,0,1
BRDA:71,1,1,0
BRDA:86,2,0,0
BRDA:86,3,0,2
BRDA:86,3,1,2
BRDA:86,3,2,2
BRDA:86,3,3,2
BRDA:92,4,0,1
BRDA:96,5,0,0
BRDA:101,6,0,0
BRDA:113,7,0,0
BRDA:138,8,0,1
BRDA:138,8,1,0
BRDA:148,9,0,1
BRDA:155,10,0,0
BRDA:155,11,0,1
BRDA:155,11,1,1
BRDA:171,12,0,1
BRDA:171,12,1,0
BRDA:219,13,0,0
BRDA:219,14,0,1
BRDA:219,14,1,1
BRDA:229,15,0,0
BRDA:229,15,1,0
BRDA:241,16,0,0
BRDA:33,17,0,1
BRF:27
BRH:15
end_of_record
TN:
SF:src/services/sync/index.ts
FN:30,(anonymous_3)
FN:53,(anonymous_4)
FN:119,(anonymous_5)
FN:162,(anonymous_6)
FN:179,(anonymous_7)
FN:181,(anonymous_8)
FN:182,(anonymous_9)
FN:201,(anonymous_10)
FN:216,(anonymous_11)
FN:234,(anonymous_12)
FN:258,(anonymous_13)
FN:287,(anonymous_14)
FN:316,(anonymous_15)
FN:344,(anonymous_16)
FN:369,(anonymous_17)
FN:377,(anonymous_18)
FN:396,(anonymous_19)
FN:411,(anonymous_20)
FN:421,(anonymous_21)
FN:422,(anonymous_22)
FN:43,(anonymous_23)
FNF:21
FNH:13
FNDA:1,(anonymous_3)
FNDA:3,(anonymous_4)
FNDA:1,(anonymous_5)
FNDA:1,(anonymous_6)
FNDA:1,(anonymous_7)
FNDA:1,(anonymous_8)
FNDA:0,(anonymous_9)
FNDA:1,(anonymous_10)
FNDA:0,(anonymous_11)
FNDA:1,(anonymous_12)
FNDA:1,(anonymous_13)
FNDA:0,(anonymous_14)
FNDA:0,(anonymous_15)
FNDA:4,(anonymous_16)
FNDA:0,(anonymous_17)
FNDA:0,(anonymous_18)
FNDA:2,(anonymous_19)
FNDA:1,(anonymous_20)
FNDA:0,(anonymous_21)
FNDA:0,(anonymous_22)
FNDA:1,(anonymous_23)
DA:8,1
DA:9,1
DA:10,1
DA:11,1
DA:22,0
DA:24,1
DA:28,1
DA:31,1
DA:32,1
DA:34,1
DA:39,1
DA:40,1
DA:44,1
DA:45,1
DA:47,1
DA:52,1
DA:57,3
DA:58,3
DA:59,1
DA:63,2
DA:64,1
DA:74,1
DA:75,1
DA:77,1
DA:78,1
DA:79,1
DA:81,1
DA:82,1
DA:83,1
DA:84,1
DA:85,1
DA:87,0
DA:88,0
DA:90,0
DA:91,0
DA:92,0
DA:93,0
DA:98,0
DA:99,0
DA:102,1
DA:103,1
DA:105,1
DA:118,1
DA:124,1
DA:130,1
DA:131,0
DA:134,1
DA:143,1
DA:144,1
DA:145,0
DA:148,1
DA:150,1
DA:161,1
DA:163,1
DA:164,1
DA:171,1
DA:172,0
DA:175,1
DA:178,1
DA:179,1
DA:181,1
DA:182,0
DA:191,1
DA:193,0
DA:194,0
DA:200,1
DA:202,1
DA:203,1
DA:210,1
DA:211,0
DA:214,1
DA:216,1
DA:224,1
DA:226,0
DA:227,0
DA:233,1
DA:235,1
DA:236,1
DA:243,1
DA:244,0
DA:247,1
DA:248,1
DA:250,0
DA:251,0
DA:257,1
DA:259,1
DA:261,1
DA:272,1
DA:273,0
DA:277,1
DA:278,0
DA:283,0
DA:284,0
DA:287,0
DA:296,0
DA:300,0
DA:301,0
DA:306,1
DA:307,0
DA:312,0
DA:313,0
DA:316,0
DA:325,0
DA:329,0
DA:330,0
DA:334,1
DA:336,0
DA:337,0
DA:343,1
DA:345,4
DA:346,4
DA:356,4
DA:357,2
DA:358,2
DA:361,2
DA:362,0
DA:365,2
DA:369,0
DA:377,0
DA:388,0
DA:389,0
DA:395,1
DA:397,2
DA:398,2
DA:399,1
DA:402,1
DA:403,1
DA:405,1
DA:410,1
DA:412,1
DA:420,1
DA:422,0
DA:427,8
LF:133
LH:89
BRDA:55,0,0,3
BRDA:58,1,0,1
BRDA:63,2,0,1
BRDA:77,3,0,1
BRDA:77,3,1,1
BRDA:90,4,0,0
BRDA:99,5,0,0
BRDA:99,5,1,0
BRDA:111,6,0,1
BRDA:111,6,1,0
BRDA:130,7,0,0
BRDA:130,8,0,1
BRDA:130,8,1,1
BRDA:130,8,2,1
BRDA:144,9,0,0
BRDA:171,10,0,0
BRDA:179,11,0,1
BRDA:179,11,1,0
BRDA:187,12,0,0
BRDA:187,12,1,0
BRDA:194,13,0,0
BRDA:194,13,1,0
BRDA:210,14,0,0
BRDA:227,15,0,0
BRDA:227,15,1,0
BRDA:243,16,0,0
BRDA:251,17,0,0
BRDA:251,17,1,0
BRDA:272,18,0,0
BRDA:277,19,0,0
BRDA:283,20,0,0
BRDA:300,21,0,0
BRDA:306,22,0,0
BRDA:312,23,0,0
BRDA:329,24,0,0
BRDA:337,25,0,0
BRDA:337,25,1,0
BRDA:356,26,0,2
BRDA:361,27,0,0
BRDA:369,28,0,2
BRDA:369,28,1,0
BRDA:377,29,0,2
BRDA:377,29,1,0
BRDA:398,30,0,1
BRDA:39,31,0,1
BRDA:39,31,1,0
BRDA:44,32,0,1
BRF:47
BRH:16
end_of_record
